This file contains any messages produced by compilers while
running configure, to aid debugging if configure makes a mistake.

It was created by . configure 1, which was
generated by GNU Autoconf 2.69.  Invocation command line was

  $ ./configure --enable-static --enable-shared=no --host=arm-linux-androideabi --target=arm-linux-androideabi LIBS=-lc -lgcc -lstlport_static

## --------- ##
## Platform. ##
## --------- ##

hostname = dainis-VirtualBox
uname -m = i686
uname -r = 3.5.0-28-generic
uname -s = Linux
uname -v = #48-Ubuntu SMP Tue Apr 23 23:05:48 UTC 2013

/usr/bin/uname -p = unknown
/bin/uname -X     = unknown

/bin/arch              = unknown
/usr/bin/arch -k       = unknown
/usr/convex/getsysinfo = unknown
/usr/bin/hostinfo      = unknown
/bin/machine           = unknown
/usr/bin/oslevel       = unknown
/bin/universe          = unknown

PATH: /usr/local/sbin
PATH: /usr/local/bin
PATH: /usr/sbin
PATH: /usr/bin
PATH: /sbin
PATH: /bin


## ----------- ##
## Core tests. ##
## ----------- ##

configure:2414: checking for a BSD-compatible install
configure:2482: result: /usr/bin/install -c
configure:2493: checking whether build environment is sane
configure:2543: result: yes
configure:2592: checking for arm-linux-androideabi-strip
configure:2619: result: ../android-ndk-r8e/toolchains/arm-linux-androideabi-4.4.3/prebuilt/linux-x86/bin/arm-linux-androideabi-strip
configure:2684: checking for a thread-safe mkdir -p
configure:2723: result: /bin/mkdir -p
configure:2736: checking for gawk
configure:2766: result: no
configure:2736: checking for mawk
configure:2752: found /usr/bin/mawk
configure:2763: result: mawk
configure:2774: checking whether make sets $(MAKE)
configure:2796: result: yes
configure:2888: checking for arm-linux-androideabi-gcc
configure:2915: result: ../android-ndk-r8e/toolchains/arm-linux-androideabi-4.4.3/prebuilt/linux-x86/bin/arm-linux-androideabi-gcc
configure:3184: checking for C compiler version
configure:3193: ../android-ndk-r8e/toolchains/arm-linux-androideabi-4.4.3/prebuilt/linux-x86/bin/arm-linux-androideabi-gcc --version >&5
arm-linux-androideabi-gcc (GCC) 4.4.3
Copyright (C) 2009 Free Software Foundation, Inc.
This is free software; see the source for copying conditions.  There is NO
warranty; not even for MERCHANTABILITY or FITNESS FOR A PARTICULAR PURPOSE.

configure:3204: $? = 0
configure:3193: ../android-ndk-r8e/toolchains/arm-linux-androideabi-4.4.3/prebuilt/linux-x86/bin/arm-linux-androideabi-gcc -v >&5
Using built-in specs.
Target: arm-linux-androideabi
Configured with: /s/ndk-toolchain/src/build/../gcc/gcc-4.4.3/configure --prefix=/tmp/ndk-andrewhsieh/build/toolchain/prefix --target=arm-linux-androideabi --host=x86_64-linux-gnu --build=x86_64-linux-gnu --with-gnu-as --with-gnu-ld --enable-languages=c,c++ --with-gmp=/tmp/ndk-andrewhsieh/build/toolchain/temp-install --with-mpfr=/tmp/ndk-andrewhsieh/build/toolchain/temp-install --without-ppl --without-cloog --disable-libssp --enable-threads --disable-nls --disable-libmudflap --disable-libgomp --disable-libstdc__-v3 --disable-sjlj-exceptions --disable-shared --disable-tls --disable-libitm --with-float=soft --with-fpu=vfp --with-arch=armv5te --enable-target-optspace --enable-initfini-array --disable-nls --prefix=/tmp/ndk-andrewhsieh/build/toolchain/prefix --with-sysroot=/tmp/ndk-andrewhsieh/build/toolchain/prefix/sysroot --with-binutils-version=2.19 --with-mpfr-version=3.1.1 --with-mpc-version=1.0.1 --with-gmp-version=5.0.5 --with-gcc-version=4.4.3 --with-gdb-version=7.3.x --with-gxx-include-dir=/tmp/ndk-andrewhsieh/build/toolchain/prefix/include/c++/4.4.3 --with-bugurl=http://source.android.com/source/report-bugs.html --disable-bootstrap --disable-libquadmath --disable-plugin --enable-libgomp --with-arch=armv5te --program-transform-name='s&^&arm-linux-androideabi-&'
Thread model: posix
gcc version 4.4.3 (GCC) 
configure:3204: $? = 0
configure:3193: ../android-ndk-r8e/toolchains/arm-linux-androideabi-4.4.3/prebuilt/linux-x86/bin/arm-linux-androideabi-gcc -V >&5
arm-linux-androideabi-gcc: '-V' option must have argument
configure:3204: $? = 1
configure:3193: ../android-ndk-r8e/toolchains/arm-linux-androideabi-4.4.3/prebuilt/linux-x86/bin/arm-linux-androideabi-gcc -qversion >&5
arm-linux-androideabi-gcc: unrecognized option '-qversion'
arm-linux-androideabi-gcc: no input files
configure:3204: $? = 1
configure:3224: checking whether the C compiler works
configure:3246: ../android-ndk-r8e/toolchains/arm-linux-androideabi-4.4.3/prebuilt/linux-x86/bin/arm-linux-androideabi-gcc --sysroot=../android-ndk-r8e/platforms/android-8/arch-arm -nostdlib --sysroot=../android-ndk-r8e/platforms/android-8/arch-arm -Wl,-rpath-link=../android-ndk-r8e/platforms/android-8/arch-arm/usr/lib -L../android-ndk-r8e/platforms/android-8/arch-arm/usr/lib -L../android-ndk-r8e/sources/cxx-stl/stlport/libs/armeabi conftest.c -lc -lgcc -lstlport_static >&5
../android-ndk-r8e/toolchains/arm-linux-androideabi-4.4.3/prebuilt/linux-x86/bin/../lib/gcc/arm-linux-androideabi/4.4.3/../../../../arm-linux-androideabi/bin/ld: warning: cannot find entry symbol _start; defaulting to 000081b0
configure:3250: $? = 0
configure:3298: result: yes
configure:3301: checking for C compiler default output file name
configure:3303: result: a.out
configure:3309: checking for suffix of executables
configure:3316: ../android-ndk-r8e/toolchains/arm-linux-androideabi-4.4.3/prebuilt/linux-x86/bin/arm-linux-androideabi-gcc -o conftest --sysroot=../android-ndk-r8e/platforms/android-8/arch-arm -nostdlib --sysroot=../android-ndk-r8e/platforms/android-8/arch-arm -Wl,-rpath-link=../android-ndk-r8e/platforms/android-8/arch-arm/usr/lib -L../android-ndk-r8e/platforms/android-8/arch-arm/usr/lib -L../android-ndk-r8e/sources/cxx-stl/stlport/libs/armeabi conftest.c -lc -lgcc -lstlport_static >&5
../android-ndk-r8e/toolchains/arm-linux-androideabi-4.4.3/prebuilt/linux-x86/bin/../lib/gcc/arm-linux-androideabi/4.4.3/../../../../arm-linux-androideabi/bin/ld: warning: cannot find entry symbol _start; defaulting to 000081b0
configure:3320: $? = 0
configure:3342: result: 
configure:3364: checking whether we are cross compiling
configure:3372: ../android-ndk-r8e/toolchains/arm-linux-androideabi-4.4.3/prebuilt/linux-x86/bin/arm-linux-androideabi-gcc -o conftest --sysroot=../android-ndk-r8e/platforms/android-8/arch-arm -nostdlib --sysroot=../android-ndk-r8e/platforms/android-8/arch-arm -Wl,-rpath-link=../android-ndk-r8e/platforms/android-8/arch-arm/usr/lib -L../android-ndk-r8e/platforms/android-8/arch-arm/usr/lib -L../android-ndk-r8e/sources/cxx-stl/stlport/libs/armeabi conftest.c -lc -lgcc -lstlport_static >&5
../android-ndk-r8e/toolchains/arm-linux-androideabi-4.4.3/prebuilt/linux-x86/bin/../lib/gcc/arm-linux-androideabi/4.4.3/../../../../arm-linux-androideabi/bin/ld: warning: cannot find entry symbol _start; defaulting to 00008220
configure:3376: $? = 0
configure:3383: ./conftest
./configure: line 3385: ./conftest: cannot execute binary file
configure:3387: $? = 126
configure:3402: result: yes
configure:3407: checking for suffix of object files
configure:3429: ../android-ndk-r8e/toolchains/arm-linux-androideabi-4.4.3/prebuilt/linux-x86/bin/arm-linux-androideabi-gcc -c --sysroot=../android-ndk-r8e/platforms/android-8/arch-arm -nostdlib --sysroot=../android-ndk-r8e/platforms/android-8/arch-arm conftest.c >&5
configure:3433: $? = 0
configure:3454: result: o
configure:3458: checking whether we are using the GNU C compiler
configure:3477: ../android-ndk-r8e/toolchains/arm-linux-androideabi-4.4.3/prebuilt/linux-x86/bin/arm-linux-androideabi-gcc -c --sysroot=../android-ndk-r8e/platforms/android-8/arch-arm -nostdlib --sysroot=../android-ndk-r8e/platforms/android-8/arch-arm conftest.c >&5
configure:3477: $? = 0
configure:3486: result: yes
configure:3495: checking whether ../android-ndk-r8e/toolchains/arm-linux-androideabi-4.4.3/prebuilt/linux-x86/bin/arm-linux-androideabi-gcc accepts -g
configure:3515: ../android-ndk-r8e/toolchains/arm-linux-androideabi-4.4.3/prebuilt/linux-x86/bin/arm-linux-androideabi-gcc -c -g --sysroot=../android-ndk-r8e/platforms/android-8/arch-arm conftest.c >&5
configure:3515: $? = 0
configure:3556: result: yes
configure:3573: checking for ../android-ndk-r8e/toolchains/arm-linux-androideabi-4.4.3/prebuilt/linux-x86/bin/arm-linux-androideabi-gcc option to accept ISO C89
configure:3636: ../android-ndk-r8e/toolchains/arm-linux-androideabi-4.4.3/prebuilt/linux-x86/bin/arm-linux-androideabi-gcc  -c --sysroot=../android-ndk-r8e/platforms/android-8/arch-arm -nostdlib --sysroot=../android-ndk-r8e/platforms/android-8/arch-arm conftest.c >&5
configure:3636: $? = 0
configure:3649: result: none needed
configure:3680: checking for style of include used by make
configure:3708: result: GNU
configure:3734: checking dependency style of ../android-ndk-r8e/toolchains/arm-linux-androideabi-4.4.3/prebuilt/linux-x86/bin/arm-linux-androideabi-gcc
configure:3845: result: none
configure:3972: checking for C++ compiler version
configure:3981: ../android-ndk-r8e/toolchains/arm-linux-androideabi-4.4.3/prebuilt/linux-x86/bin/arm-linux-androideabi-g++ --version >&5
arm-linux-androideabi-g++ (GCC) 4.4.3
Copyright (C) 2009 Free Software Foundation, Inc.
This is free software; see the source for copying conditions.  There is NO
warranty; not even for MERCHANTABILITY or FITNESS FOR A PARTICULAR PURPOSE.

configure:3992: $? = 0
configure:3981: ../android-ndk-r8e/toolchains/arm-linux-androideabi-4.4.3/prebuilt/linux-x86/bin/arm-linux-androideabi-g++ -v >&5
Using built-in specs.
Target: arm-linux-androideabi
Configured with: /s/ndk-toolchain/src/build/../gcc/gcc-4.4.3/configure --prefix=/tmp/ndk-andrewhsieh/build/toolchain/prefix --target=arm-linux-androideabi --host=x86_64-linux-gnu --build=x86_64-linux-gnu --with-gnu-as --with-gnu-ld --enable-languages=c,c++ --with-gmp=/tmp/ndk-andrewhsieh/build/toolchain/temp-install --with-mpfr=/tmp/ndk-andrewhsieh/build/toolchain/temp-install --without-ppl --without-cloog --disable-libssp --enable-threads --disable-nls --disable-libmudflap --disable-libgomp --disable-libstdc__-v3 --disable-sjlj-exceptions --disable-shared --disable-tls --disable-libitm --with-float=soft --with-fpu=vfp --with-arch=armv5te --enable-target-optspace --enable-initfini-array --disable-nls --prefix=/tmp/ndk-andrewhsieh/build/toolchain/prefix --with-sysroot=/tmp/ndk-andrewhsieh/build/toolchain/prefix/sysroot --with-binutils-version=2.19 --with-mpfr-version=3.1.1 --with-mpc-version=1.0.1 --with-gmp-version=5.0.5 --with-gcc-version=4.4.3 --with-gdb-version=7.3.x --with-gxx-include-dir=/tmp/ndk-andrewhsieh/build/toolchain/prefix/include/c++/4.4.3 --with-bugurl=http://source.android.com/source/report-bugs.html --disable-bootstrap --disable-libquadmath --disable-plugin --enable-libgomp --with-arch=armv5te --program-transform-name='s&^&arm-linux-androideabi-&'
Thread model: posix
gcc version 4.4.3 (GCC) 
configure:3992: $? = 0
configure:3981: ../android-ndk-r8e/toolchains/arm-linux-androideabi-4.4.3/prebuilt/linux-x86/bin/arm-linux-androideabi-g++ -V >&5
arm-linux-androideabi-g++: '-V' option must have argument
configure:3992: $? = 1
configure:3981: ../android-ndk-r8e/toolchains/arm-linux-androideabi-4.4.3/prebuilt/linux-x86/bin/arm-linux-androideabi-g++ -qversion >&5
arm-linux-androideabi-g++: unrecognized option '-qversion'
arm-linux-androideabi-g++: no input files
configure:3992: $? = 1
configure:3996: checking whether we are using the GNU C++ compiler
configure:4015: ../android-ndk-r8e/toolchains/arm-linux-androideabi-4.4.3/prebuilt/linux-x86/bin/arm-linux-androideabi-g++ -c -I../android-ndk-r8e/platforms/android-8/arch-arm/usr/include -I../android-ndk-r8e/sources/cxx-stl/stlport/stlport --sysroot=../android-ndk-r8e/platforms/android-8/arch-arm --sysroot=../android-ndk-r8e/platforms/android-8/arch-arm conftest.cpp >&5
configure:4015: $? = 0
configure:4024: result: yes
configure:4033: checking whether ../android-ndk-r8e/toolchains/arm-linux-androideabi-4.4.3/prebuilt/linux-x86/bin/arm-linux-androideabi-g++ accepts -g
configure:4053: ../android-ndk-r8e/toolchains/arm-linux-androideabi-4.4.3/prebuilt/linux-x86/bin/arm-linux-androideabi-g++ -c -g --sysroot=../android-ndk-r8e/platforms/android-8/arch-arm conftest.cpp >&5
configure:4053: $? = 0
configure:4094: result: yes
configure:4119: checking dependency style of ../android-ndk-r8e/toolchains/arm-linux-androideabi-4.4.3/prebuilt/linux-x86/bin/arm-linux-androideabi-g++
configure:4230: result: none
configure:4275: checking build system type
configure:4289: result: i686-pc-linux-gnu
configure:4309: checking host system type
configure:4322: result: arm-unknown-linux-androideabi
configure:4363: checking how to print strings
configure:4390: result: printf
configure:4411: checking for a sed that does not truncate output
configure:4475: result: /bin/sed
configure:4493: checking for grep that handles long lines and -e
configure:4551: result: /bin/grep
configure:4556: checking for egrep
configure:4618: result: /bin/grep -E
configure:4623: checking for fgrep
configure:4685: result: /bin/grep -F
configure:4720: checking for ld used by ../android-ndk-r8e/toolchains/arm-linux-androideabi-4.4.3/prebuilt/linux-x86/bin/arm-linux-androideabi-gcc
configure:4787: result: ../android-ndk-r8e/toolchains/arm-linux-androideabi-4.4.3/prebuilt/linux-x86/bin/arm-linux-androideabi-ld
configure:4794: checking if the linker (../android-ndk-r8e/toolchains/arm-linux-androideabi-4.4.3/prebuilt/linux-x86/bin/arm-linux-androideabi-ld) is GNU ld
configure:4809: result: yes
configure:4821: checking for BSD- or MS-compatible name lister (nm)
configure:4870: result: no
configure:4884: checking for arm-linux-androideabi-dumpbin
configure:4914: result: no
configure:4884: checking for arm-linux-androideabi-link
configure:4914: result: no
configure:4928: checking for dumpbin
configure:4958: result: no
configure:4928: checking for link
configure:4944: found /usr/bin/link
configure:4955: result: link -dump
configure:4971: WARNING: using cross tools not prefixed with host triplet
configure:5000: checking the name lister (nm) interface
configure:5007: ../android-ndk-r8e/toolchains/arm-linux-androideabi-4.4.3/prebuilt/linux-x86/bin/arm-linux-androideabi-gcc -c --sysroot=../android-ndk-r8e/platforms/android-8/arch-arm -nostdlib --sysroot=../android-ndk-r8e/platforms/android-8/arch-arm conftest.c >&5
configure:5010: nm "conftest.o"
configure:5013: output
00000000 b $d
00000000 B some_variable
configure:5020: result: BSD nm
configure:5023: checking whether ln -s works
configure:5027: result: yes
configure:5035: checking the maximum length of command line arguments
configure:5165: result: 1572864
configure:5182: checking whether the shell understands some XSI constructs
configure:5192: result: yes
configure:5196: checking whether the shell understands "+="
configure:5202: result: yes
configure:5237: checking how to convert i686-pc-linux-gnu file names to arm-unknown-linux-androideabi format
configure:5277: result: func_convert_file_noop
configure:5284: checking how to convert i686-pc-linux-gnu file names to toolchain format
configure:5304: result: func_convert_file_noop
configure:5311: checking for ../android-ndk-r8e/toolchains/arm-linux-androideabi-4.4.3/prebuilt/linux-x86/bin/arm-linux-androideabi-ld option to reload object files
configure:5318: result: -r
configure:5352: checking for arm-linux-androideabi-objdump
configure:5382: result: no
configure:5392: checking for objdump
configure:5408: found /usr/bin/objdump
configure:5419: result: objdump
configure:5451: checking how to recognize dependent libraries
configure:5653: result: pass_all
configure:5698: checking for arm-linux-androideabi-dlltool
configure:5728: result: no
configure:5738: checking for dlltool
configure:5768: result: no
configure:5798: checking how to associate runtime and link libraries
configure:5825: result: printf %s\n
configure:5842: checking for arm-linux-androideabi-ar
configure:5869: result: ../android-ndk-r8e/toolchains/arm-linux-androideabi-4.4.3/prebuilt/linux-x86/bin/arm-linux-androideabi-ar
configure:5950: checking for archiver @FILE support
configure:5967: ../android-ndk-r8e/toolchains/arm-linux-androideabi-4.4.3/prebuilt/linux-x86/bin/arm-linux-androideabi-gcc -c --sysroot=../android-ndk-r8e/platforms/android-8/arch-arm -nostdlib --sysroot=../android-ndk-r8e/platforms/android-8/arch-arm conftest.c >&5
configure:5967: $? = 0
configure:5970: ../android-ndk-r8e/toolchains/arm-linux-androideabi-4.4.3/prebuilt/linux-x86/bin/arm-linux-androideabi-ar cru libconftest.a @conftest.lst >&5
configure:5973: $? = 0
configure:5978: ../android-ndk-r8e/toolchains/arm-linux-androideabi-4.4.3/prebuilt/linux-x86/bin/arm-linux-androideabi-ar cru libconftest.a @conftest.lst >&5
../android-ndk-r8e/toolchains/arm-linux-androideabi-4.4.3/prebuilt/linux-x86/bin/arm-linux-androideabi-ar: conftest.o: No such file or directory
configure:5981: $? = 1
configure:5993: result: @
configure:6011: checking for arm-linux-androideabi-strip
configure:6038: result: ../android-ndk-r8e/toolchains/arm-linux-androideabi-4.4.3/prebuilt/linux-x86/bin/arm-linux-androideabi-strip
configure:6110: checking for arm-linux-androideabi-ranlib
configure:6137: result: ../android-ndk-r8e/toolchains/arm-linux-androideabi-4.4.3/prebuilt/linux-x86/bin/arm-linux-androideabi-ranlib
configure:6279: checking command to parse nm output from ../android-ndk-r8e/toolchains/arm-linux-androideabi-4.4.3/prebuilt/linux-x86/bin/arm-linux-androideabi-gcc object
configure:6399: ../android-ndk-r8e/toolchains/arm-linux-androideabi-4.4.3/prebuilt/linux-x86/bin/arm-linux-androideabi-gcc -c --sysroot=../android-ndk-r8e/platforms/android-8/arch-arm -nostdlib --sysroot=../android-ndk-r8e/platforms/android-8/arch-arm conftest.c >&5
configure:6402: $? = 0
configure:6406: nm conftest.o \| sed -n -e 's/^.*[ ]\([ABCDGIRSTW][ABCDGIRSTW]*\)[ ][ ]*\([_A-Za-z][_A-Za-z0-9]*\)$/\1 \2 \2/p' | sed '/ __gnu_lto/d' \> conftest.nm
configure:6409: $? = 0
configure:6475: ../android-ndk-r8e/toolchains/arm-linux-androideabi-4.4.3/prebuilt/linux-x86/bin/arm-linux-androideabi-gcc -o conftest --sysroot=../android-ndk-r8e/platforms/android-8/arch-arm -nostdlib --sysroot=../android-ndk-r8e/platforms/android-8/arch-arm -Wl,-rpath-link=../android-ndk-r8e/platforms/android-8/arch-arm/usr/lib -L../android-ndk-r8e/platforms/android-8/arch-arm/usr/lib -L../android-ndk-r8e/sources/cxx-stl/stlport/libs/armeabi conftest.c conftstm.o >&5
../android-ndk-r8e/toolchains/arm-linux-androideabi-4.4.3/prebuilt/linux-x86/bin/../lib/gcc/arm-linux-androideabi/4.4.3/../../../../arm-linux-androideabi/bin/ld: warning: cannot find entry symbol _start; defaulting to 000080b4
configure:6478: $? = 0
configure:6516: result: ok
configure:6553: checking for sysroot
configure:6583: result: no
configure:6799: checking for arm-linux-androideabi-mt
configure:6829: result: no
configure:6839: checking for mt
configure:6855: found /bin/mt
configure:6866: result: mt
configure:6889: checking if mt is a manifest tool
configure:6895: mt '-?'
configure:6903: result: no
configure:7545: checking how to run the C preprocessor
configure:7576: ../android-ndk-r8e/toolchains/arm-linux-androideabi-4.4.3/prebuilt/linux-x86/bin/arm-linux-androideabi-gcc -E --sysroot=../android-ndk-r8e/platforms/android-8/arch-arm conftest.c
configure:7576: $? = 0
configure:7590: ../android-ndk-r8e/toolchains/arm-linux-androideabi-4.4.3/prebuilt/linux-x86/bin/arm-linux-androideabi-gcc -E --sysroot=../android-ndk-r8e/platforms/android-8/arch-arm conftest.c
conftest.c:11:28: error: ac_nonexistent.h: No such file or directory
configure:7590: $? = 1
configure: failed program was:
| /* confdefs.h */
| #define PACKAGE_NAME "."
| #define PACKAGE_TARNAME "-"
| #define PACKAGE_VERSION "1"
| #define PACKAGE_STRING ". 1"
| #define PACKAGE_BUGREPORT ""
| #define PACKAGE_URL ""
| #define PACKAGE "openSMILE"
| #define VERSION "0.0.0"
| /* end confdefs.h.  */
| #include <ac_nonexistent.h>
configure:7615: result: ../android-ndk-r8e/toolchains/arm-linux-androideabi-4.4.3/prebuilt/linux-x86/bin/arm-linux-androideabi-gcc -E
configure:7635: ../android-ndk-r8e/toolchains/arm-linux-androideabi-4.4.3/prebuilt/linux-x86/bin/arm-linux-androideabi-gcc -E --sysroot=../android-ndk-r8e/platforms/android-8/arch-arm conftest.c
configure:7635: $? = 0
configure:7649: ../android-ndk-r8e/toolchains/arm-linux-androideabi-4.4.3/prebuilt/linux-x86/bin/arm-linux-androideabi-gcc -E --sysroot=../android-ndk-r8e/platforms/android-8/arch-arm conftest.c
conftest.c:11:28: error: ac_nonexistent.h: No such file or directory
configure:7649: $? = 1
configure: failed program was:
| /* confdefs.h */
| #define PACKAGE_NAME "."
| #define PACKAGE_TARNAME "-"
| #define PACKAGE_VERSION "1"
| #define PACKAGE_STRING ". 1"
| #define PACKAGE_BUGREPORT ""
| #define PACKAGE_URL ""
| #define PACKAGE "openSMILE"
| #define VERSION "0.0.0"
| /* end confdefs.h.  */
| #include <ac_nonexistent.h>
configure:7678: checking for ANSI C header files
configure:7698: ../android-ndk-r8e/toolchains/arm-linux-androideabi-4.4.3/prebuilt/linux-x86/bin/arm-linux-androideabi-gcc -c --sysroot=../android-ndk-r8e/platforms/android-8/arch-arm -nostdlib --sysroot=../android-ndk-r8e/platforms/android-8/arch-arm conftest.c >&5
configure:7698: $? = 0
configure:7782: result: yes
configure:7795: checking for sys/types.h
configure:7795: ../android-ndk-r8e/toolchains/arm-linux-androideabi-4.4.3/prebuilt/linux-x86/bin/arm-linux-androideabi-gcc -c --sysroot=../android-ndk-r8e/platforms/android-8/arch-arm -nostdlib --sysroot=../android-ndk-r8e/platforms/android-8/arch-arm conftest.c >&5
configure:7795: $? = 0
configure:7795: result: yes
configure:7795: checking for sys/stat.h
configure:7795: ../android-ndk-r8e/toolchains/arm-linux-androideabi-4.4.3/prebuilt/linux-x86/bin/arm-linux-androideabi-gcc -c --sysroot=../android-ndk-r8e/platforms/android-8/arch-arm -nostdlib --sysroot=../android-ndk-r8e/platforms/android-8/arch-arm conftest.c >&5
configure:7795: $? = 0
configure:7795: result: yes
configure:7795: checking for stdlib.h
configure:7795: ../android-ndk-r8e/toolchains/arm-linux-androideabi-4.4.3/prebuilt/linux-x86/bin/arm-linux-androideabi-gcc -c --sysroot=../android-ndk-r8e/platforms/android-8/arch-arm -nostdlib --sysroot=../android-ndk-r8e/platforms/android-8/arch-arm conftest.c >&5
configure:7795: $? = 0
configure:7795: result: yes
configure:7795: checking for string.h
configure:7795: ../android-ndk-r8e/toolchains/arm-linux-androideabi-4.4.3/prebuilt/linux-x86/bin/arm-linux-androideabi-gcc -c --sysroot=../android-ndk-r8e/platforms/android-8/arch-arm -nostdlib --sysroot=../android-ndk-r8e/platforms/android-8/arch-arm conftest.c >&5
configure:7795: $? = 0
configure:7795: result: yes
configure:7795: checking for memory.h
configure:7795: ../android-ndk-r8e/toolchains/arm-linux-androideabi-4.4.3/prebuilt/linux-x86/bin/arm-linux-androideabi-gcc -c --sysroot=../android-ndk-r8e/platforms/android-8/arch-arm -nostdlib --sysroot=../android-ndk-r8e/platforms/android-8/arch-arm conftest.c >&5
configure:7795: $? = 0
configure:7795: result: yes
configure:7795: checking for strings.h
configure:7795: ../android-ndk-r8e/toolchains/arm-linux-androideabi-4.4.3/prebuilt/linux-x86/bin/arm-linux-androideabi-gcc -c --sysroot=../android-ndk-r8e/platforms/android-8/arch-arm -nostdlib --sysroot=../android-ndk-r8e/platforms/android-8/arch-arm conftest.c >&5
configure:7795: $? = 0
configure:7795: result: yes
configure:7795: checking for inttypes.h
configure:7795: ../android-ndk-r8e/toolchains/arm-linux-androideabi-4.4.3/prebuilt/linux-x86/bin/arm-linux-androideabi-gcc -c --sysroot=../android-ndk-r8e/platforms/android-8/arch-arm -nostdlib --sysroot=../android-ndk-r8e/platforms/android-8/arch-arm conftest.c >&5
configure:7795: $? = 0
configure:7795: result: yes
configure:7795: checking for stdint.h
configure:7795: ../android-ndk-r8e/toolchains/arm-linux-androideabi-4.4.3/prebuilt/linux-x86/bin/arm-linux-androideabi-gcc -c --sysroot=../android-ndk-r8e/platforms/android-8/arch-arm -nostdlib --sysroot=../android-ndk-r8e/platforms/android-8/arch-arm conftest.c >&5
configure:7795: $? = 0
configure:7795: result: yes
configure:7795: checking for unistd.h
configure:7795: ../android-ndk-r8e/toolchains/arm-linux-androideabi-4.4.3/prebuilt/linux-x86/bin/arm-linux-androideabi-gcc -c --sysroot=../android-ndk-r8e/platforms/android-8/arch-arm -nostdlib --sysroot=../android-ndk-r8e/platforms/android-8/arch-arm conftest.c >&5
configure:7795: $? = 0
configure:7795: result: yes
configure:7809: checking for dlfcn.h
configure:7809: ../android-ndk-r8e/toolchains/arm-linux-androideabi-4.4.3/prebuilt/linux-x86/bin/arm-linux-androideabi-gcc -c --sysroot=../android-ndk-r8e/platforms/android-8/arch-arm -nostdlib --sysroot=../android-ndk-r8e/platforms/android-8/arch-arm conftest.c >&5
configure:7809: $? = 0
configure:7809: result: yes
configure:8026: checking for objdir
configure:8041: result: .libs
configure:8312: checking if ../android-ndk-r8e/toolchains/arm-linux-androideabi-4.4.3/prebuilt/linux-x86/bin/arm-linux-androideabi-gcc supports -fno-rtti -fno-exceptions
configure:8330: ../android-ndk-r8e/toolchains/arm-linux-androideabi-4.4.3/prebuilt/linux-x86/bin/arm-linux-androideabi-gcc -c --sysroot=../android-ndk-r8e/platforms/android-8/arch-arm -nostdlib --sysroot=../android-ndk-r8e/platforms/android-8/arch-arm -fno-rtti -fno-exceptions conftest.c >&5
cc1: warning: command line option "-fno-rtti" is valid for C++/ObjC++ but not for C
configure:8334: $? = 0
configure:8347: result: no
configure:8674: checking for ../android-ndk-r8e/toolchains/arm-linux-androideabi-4.4.3/prebuilt/linux-x86/bin/arm-linux-androideabi-gcc option to produce PIC
configure:8681: result: -fPIC -DPIC
configure:8689: checking if ../android-ndk-r8e/toolchains/arm-linux-androideabi-4.4.3/prebuilt/linux-x86/bin/arm-linux-androideabi-gcc PIC flag -fPIC -DPIC works
configure:8707: ../android-ndk-r8e/toolchains/arm-linux-androideabi-4.4.3/prebuilt/linux-x86/bin/arm-linux-androideabi-gcc -c --sysroot=../android-ndk-r8e/platforms/android-8/arch-arm -nostdlib --sysroot=../android-ndk-r8e/platforms/android-8/arch-arm -fPIC -DPIC -DPIC conftest.c >&5
configure:8711: $? = 0
configure:8724: result: yes
configure:8753: checking if ../android-ndk-r8e/toolchains/arm-linux-androideabi-4.4.3/prebuilt/linux-x86/bin/arm-linux-androideabi-gcc static flag -static works
../android-ndk-r8e/toolchains/arm-linux-androideabi-4.4.3/prebuilt/linux-x86/bin/../lib/gcc/arm-linux-androideabi/4.4.3/../../../../arm-linux-androideabi/bin/ld: warning: cannot find entry symbol _start; defaulting to 00008074
configure:8781: result: no
configure:8796: checking if ../android-ndk-r8e/toolchains/arm-linux-androideabi-4.4.3/prebuilt/linux-x86/bin/arm-linux-androideabi-gcc supports -c -o file.o
configure:8817: ../android-ndk-r8e/toolchains/arm-linux-androideabi-4.4.3/prebuilt/linux-x86/bin/arm-linux-androideabi-gcc -c --sysroot=../android-ndk-r8e/platforms/android-8/arch-arm -nostdlib --sysroot=../android-ndk-r8e/platforms/android-8/arch-arm -o out/conftest2.o conftest.c >&5
./configure: line 8818: ../android-ndk-r8e/toolchains/arm-linux-androideabi-4.4.3/prebuilt/linux-x86/bin/arm-linux-androideabi-gcc: No such file or directory
configure:8821: $? = 127
configure:8843: result: no
configure:8851: checking if ../android-ndk-r8e/toolchains/arm-linux-androideabi-4.4.3/prebuilt/linux-x86/bin/arm-linux-androideabi-gcc supports -c -o file.o
configure:8898: result: no
configure:8907: checking if we can lock with hard links
configure:8915: result: yes
configure:8931: checking whether the ../android-ndk-r8e/toolchains/arm-linux-androideabi-4.4.3/prebuilt/linux-x86/bin/arm-linux-androideabi-gcc linker (../android-ndk-r8e/toolchains/arm-linux-androideabi-4.4.3/prebuilt/linux-x86/bin/arm-linux-androideabi-ld) supports shared libraries
configure:10088: result: yes
configure:10328: checking dynamic linker characteristics
configure:10839: ../android-ndk-r8e/toolchains/arm-linux-androideabi-4.4.3/prebuilt/linux-x86/bin/arm-linux-androideabi-gcc -o conftest --sysroot=../android-ndk-r8e/platforms/android-8/arch-arm -nostdlib --sysroot=../android-ndk-r8e/platforms/android-8/arch-arm -Wl,-rpath-link=../android-ndk-r8e/platforms/android-8/arch-arm/usr/lib -L../android-ndk-r8e/platforms/android-8/arch-arm/usr/lib -L../android-ndk-r8e/sources/cxx-stl/stlport/libs/armeabi -Wl,-rpath -Wl,/foo conftest.c -lc -lgcc -lstlport_static >&5
../android-ndk-r8e/toolchains/arm-linux-androideabi-4.4.3/prebuilt/linux-x86/bin/../lib/gcc/arm-linux-androideabi/4.4.3/../../../../arm-linux-androideabi/bin/ld: warning: cannot find entry symbol _start; defaulting to 000081b4
configure:10839: $? = 0
configure:11073: result: GNU/Linux ld.so
configure:11180: checking how to hardcode library paths into programs
configure:11205: result: immediate
configure:11745: checking whether stripping libraries is possible
configure:11750: result: yes
configure:11785: checking if libtool supports shared libraries
configure:11787: result: yes
configure:11790: checking whether to build shared libraries
configure:11811: result: no
configure:11814: checking whether to build static libraries
configure:11818: result: yes
configure:11841: checking how to run the C++ preprocessor
configure:11868: ../android-ndk-r8e/toolchains/arm-linux-androideabi-4.4.3/prebuilt/linux-x86/bin/arm-linux-androideabi-g++ -E --sysroot=../android-ndk-r8e/platforms/android-8/arch-arm conftest.cpp
configure:11868: $? = 0
configure:11882: ../android-ndk-r8e/toolchains/arm-linux-androideabi-4.4.3/prebuilt/linux-x86/bin/arm-linux-androideabi-g++ -E --sysroot=../android-ndk-r8e/platforms/android-8/arch-arm conftest.cpp
conftest.cpp:23:28: error: ac_nonexistent.h: No such file or directory
configure:11882: $? = 1
configure: failed program was:
| /* confdefs.h */
| #define PACKAGE_NAME "."
| #define PACKAGE_TARNAME "-"
| #define PACKAGE_VERSION "1"
| #define PACKAGE_STRING ". 1"
| #define PACKAGE_BUGREPORT ""
| #define PACKAGE_URL ""
| #define PACKAGE "openSMILE"
| #define VERSION "0.0.0"
| #define STDC_HEADERS 1
| #define HAVE_SYS_TYPES_H 1
| #define HAVE_SYS_STAT_H 1
| #define HAVE_STDLIB_H 1
| #define HAVE_STRING_H 1
| #define HAVE_MEMORY_H 1
| #define HAVE_STRINGS_H 1
| #define HAVE_INTTYPES_H 1
| #define HAVE_STDINT_H 1
| #define HAVE_UNISTD_H 1
| #define HAVE_DLFCN_H 1
| #define LT_OBJDIR ".libs/"
| /* end confdefs.h.  */
| #include <ac_nonexistent.h>
configure:11907: result: ../android-ndk-r8e/toolchains/arm-linux-androideabi-4.4.3/prebuilt/linux-x86/bin/arm-linux-androideabi-g++ -E
configure:11927: ../android-ndk-r8e/toolchains/arm-linux-androideabi-4.4.3/prebuilt/linux-x86/bin/arm-linux-androideabi-g++ -E --sysroot=../android-ndk-r8e/platforms/android-8/arch-arm conftest.cpp
configure:11927: $? = 0
configure:11941: ../android-ndk-r8e/toolchains/arm-linux-androideabi-4.4.3/prebuilt/linux-x86/bin/arm-linux-androideabi-g++ -E --sysroot=../android-ndk-r8e/platforms/android-8/arch-arm conftest.cpp
conftest.cpp:23:28: error: ac_nonexistent.h: No such file or directory
configure:11941: $? = 1
configure: failed program was:
| /* confdefs.h */
| #define PACKAGE_NAME "."
| #define PACKAGE_TARNAME "-"
| #define PACKAGE_VERSION "1"
| #define PACKAGE_STRING ". 1"
| #define PACKAGE_BUGREPORT ""
| #define PACKAGE_URL ""
| #define PACKAGE "openSMILE"
| #define VERSION "0.0.0"
| #define STDC_HEADERS 1
| #define HAVE_SYS_TYPES_H 1
| #define HAVE_SYS_STAT_H 1
| #define HAVE_STDLIB_H 1
| #define HAVE_STRING_H 1
| #define HAVE_MEMORY_H 1
| #define HAVE_STRINGS_H 1
| #define HAVE_INTTYPES_H 1
| #define HAVE_STDINT_H 1
| #define HAVE_UNISTD_H 1
| #define HAVE_DLFCN_H 1
| #define LT_OBJDIR ".libs/"
| /* end confdefs.h.  */
| #include <ac_nonexistent.h>
configure:12110: checking for ld used by ../android-ndk-r8e/toolchains/arm-linux-androideabi-4.4.3/prebuilt/linux-x86/bin/arm-linux-androideabi-g++
configure:12177: result: ../android-ndk-r8e/toolchains/arm-linux-androideabi-4.4.3/prebuilt/linux-x86/bin/arm-linux-androideabi-ld
configure:12184: checking if the linker (../android-ndk-r8e/toolchains/arm-linux-androideabi-4.4.3/prebuilt/linux-x86/bin/arm-linux-androideabi-ld) is GNU ld
configure:12199: result: yes
configure:12254: checking whether the ../android-ndk-r8e/toolchains/arm-linux-androideabi-4.4.3/prebuilt/linux-x86/bin/arm-linux-androideabi-g++ linker (../android-ndk-r8e/toolchains/arm-linux-androideabi-4.4.3/prebuilt/linux-x86/bin/arm-linux-androideabi-ld) supports shared libraries
configure:13259: result: yes
configure:13295: ../android-ndk-r8e/toolchains/arm-linux-androideabi-4.4.3/prebuilt/linux-x86/bin/arm-linux-androideabi-g++ -c -I../android-ndk-r8e/platforms/android-8/arch-arm/usr/include -I../android-ndk-r8e/sources/cxx-stl/stlport/stlport --sysroot=../android-ndk-r8e/platforms/android-8/arch-arm --sysroot=../android-ndk-r8e/platforms/android-8/arch-arm conftest.cpp >&5
configure:13298: $? = 0
configure:13818: checking for ../android-ndk-r8e/toolchains/arm-linux-androideabi-4.4.3/prebuilt/linux-x86/bin/arm-linux-androideabi-g++ option to produce PIC
configure:13825: result: -fPIC -DPIC
configure:13833: checking if ../android-ndk-r8e/toolchains/arm-linux-androideabi-4.4.3/prebuilt/linux-x86/bin/arm-linux-androideabi-g++ PIC flag -fPIC -DPIC works
configure:13851: ../android-ndk-r8e/toolchains/arm-linux-androideabi-4.4.3/prebuilt/linux-x86/bin/arm-linux-androideabi-g++ -c -I../android-ndk-r8e/platforms/android-8/arch-arm/usr/include -I../android-ndk-r8e/sources/cxx-stl/stlport/stlport --sysroot=../android-ndk-r8e/platforms/android-8/arch-arm --sysroot=../android-ndk-r8e/platforms/android-8/arch-arm -fPIC -DPIC -DPIC conftest.cpp >&5
configure:13855: $? = 0
configure:13868: result: yes
configure:13891: checking if ../android-ndk-r8e/toolchains/arm-linux-androideabi-4.4.3/prebuilt/linux-x86/bin/arm-linux-androideabi-g++ static flag -static works
configure:13919: result: yes
configure:13931: checking if ../android-ndk-r8e/toolchains/arm-linux-androideabi-4.4.3/prebuilt/linux-x86/bin/arm-linux-androideabi-g++ supports -c -o file.o
configure:13952: ../android-ndk-r8e/toolchains/arm-linux-androideabi-4.4.3/prebuilt/linux-x86/bin/arm-linux-androideabi-g++ -c -I../android-ndk-r8e/platforms/android-8/arch-arm/usr/include -I../android-ndk-r8e/sources/cxx-stl/stlport/stlport --sysroot=../android-ndk-r8e/platforms/android-8/arch-arm --sysroot=../android-ndk-r8e/platforms/android-8/arch-arm -o out/conftest2.o conftest.cpp >&5
./configure: line 13953: ../android-ndk-r8e/toolchains/arm-linux-androideabi-4.4.3/prebuilt/linux-x86/bin/arm-linux-androideabi-g++: No such file or directory
configure:13956: $? = 127
configure:13978: result: no
configure:13983: checking if ../android-ndk-r8e/toolchains/arm-linux-androideabi-4.4.3/prebuilt/linux-x86/bin/arm-linux-androideabi-g++ supports -c -o file.o
configure:14030: result: no
configure:14039: checking if we can lock with hard links
configure:14047: result: yes
configure:14060: checking whether the ../android-ndk-r8e/toolchains/arm-linux-androideabi-4.4.3/prebuilt/linux-x86/bin/arm-linux-androideabi-g++ linker (../android-ndk-r8e/toolchains/arm-linux-androideabi-4.4.3/prebuilt/linux-x86/bin/arm-linux-androideabi-ld) supports shared libraries
configure:14099: result: yes
configure:14240: checking dynamic linker characteristics
configure:14919: result: GNU/Linux ld.so
configure:14972: checking how to hardcode library paths into programs
configure:14997: result: immediate
configure:15059: checking whether ../android-ndk-r8e/toolchains/arm-linux-androideabi-4.4.3/prebuilt/linux-x86/bin/arm-linux-androideabi-gcc and cc understand -c and -o together
configure:15090: ../android-ndk-r8e/toolchains/arm-linux-androideabi-4.4.3/prebuilt/linux-x86/bin/arm-linux-androideabi-gcc -c conftest.c -o conftest2.o >&5
configure:15094: $? = 0
configure:15100: ../android-ndk-r8e/toolchains/arm-linux-androideabi-4.4.3/prebuilt/linux-x86/bin/arm-linux-androideabi-gcc -c conftest.c -o conftest2.o >&5
configure:15104: $? = 0
configure:15115: cc -c conftest.c >&5
configure:15119: $? = 0
configure:15127: cc -c conftest.c -o conftest2.o >&5
configure:15131: $? = 0
configure:15137: cc -c conftest.c -o conftest2.o >&5
configure:15141: $? = 0
configure:15159: result: yes
configure:15218: checking for libsemaineapi
configure:15239: result: no
configure:15241: WARNING: LibSemaineAPI not found!! Configuring only standalone feature extractor
configure:15329: checking for Pa_Initialize in -lportaudio
configure:15354: ../android-ndk-r8e/toolchains/arm-linux-androideabi-4.4.3/prebuilt/linux-x86/bin/arm-linux-androideabi-gcc -o conftest --sysroot=../android-ndk-r8e/platforms/android-8/arch-arm -nostdlib --sysroot=../android-ndk-r8e/platforms/android-8/arch-arm -Wl,-rpath-link=../android-ndk-r8e/platforms/android-8/arch-arm/usr/lib -L../android-ndk-r8e/platforms/android-8/arch-arm/usr/lib -L../android-ndk-r8e/sources/cxx-stl/stlport/libs/armeabi conftest.c -lportaudio  -lc -lgcc -lstlport_static >&5
../android-ndk-r8e/toolchains/arm-linux-androideabi-4.4.3/prebuilt/linux-x86/bin/../lib/gcc/arm-linux-androideabi/4.4.3/../../../../arm-linux-androideabi/bin/ld: cannot find -lportaudio
collect2: ld returned 1 exit status
configure:15354: $? = 1
configure: failed program was:
| /* confdefs.h */
| #define PACKAGE_NAME "."
| #define PACKAGE_TARNAME "-"
| #define PACKAGE_VERSION "1"
| #define PACKAGE_STRING ". 1"
| #define PACKAGE_BUGREPORT ""
| #define PACKAGE_URL ""
| #define PACKAGE "openSMILE"
| #define VERSION "0.0.0"
| #define STDC_HEADERS 1
| #define HAVE_SYS_TYPES_H 1
| #define HAVE_SYS_STAT_H 1
| #define HAVE_STDLIB_H 1
| #define HAVE_STRING_H 1
| #define HAVE_MEMORY_H 1
| #define HAVE_STRINGS_H 1
| #define HAVE_INTTYPES_H 1
| #define HAVE_STDINT_H 1
| #define HAVE_UNISTD_H 1
| #define HAVE_DLFCN_H 1
| #define LT_OBJDIR ".libs/"
| /* end confdefs.h.  */
| 
| /* Override any GCC internal prototype to avoid an error.
|    Use char because int might match the return type of a GCC
|    builtin and then its argument prototype would still apply.  */
| #ifdef __cplusplus
| extern "C"
| #endif
| char Pa_Initialize ();
| int
| main ()
| {
| return Pa_Initialize ();
|   ;
|   return 0;
| }
configure:15363: result: no
configure:15374: checking for Pa_GetHostApiCount in -lportaudio
configure:15399: ../android-ndk-r8e/toolchains/arm-linux-androideabi-4.4.3/prebuilt/linux-x86/bin/arm-linux-androideabi-gcc -o conftest --sysroot=../android-ndk-r8e/platforms/android-8/arch-arm -nostdlib --sysroot=../android-ndk-r8e/platforms/android-8/arch-arm -Wl,-rpath-link=../android-ndk-r8e/platforms/android-8/arch-arm/usr/lib -L../android-ndk-r8e/platforms/android-8/arch-arm/usr/lib -L../android-ndk-r8e/sources/cxx-stl/stlport/libs/armeabi conftest.c -lportaudio  -lc -lgcc -lstlport_static >&5
../android-ndk-r8e/toolchains/arm-linux-androideabi-4.4.3/prebuilt/linux-x86/bin/../lib/gcc/arm-linux-androideabi/4.4.3/../../../../arm-linux-androideabi/bin/ld: cannot find -lportaudio
collect2: ld returned 1 exit status
configure:15399: $? = 1
configure: failed program was:
| /* confdefs.h */
| #define PACKAGE_NAME "."
| #define PACKAGE_TARNAME "-"
| #define PACKAGE_VERSION "1"
| #define PACKAGE_STRING ". 1"
| #define PACKAGE_BUGREPORT ""
| #define PACKAGE_URL ""
| #define PACKAGE "openSMILE"
| #define VERSION "0.0.0"
| #define STDC_HEADERS 1
| #define HAVE_SYS_TYPES_H 1
| #define HAVE_SYS_STAT_H 1
| #define HAVE_STDLIB_H 1
| #define HAVE_STRING_H 1
| #define HAVE_MEMORY_H 1
| #define HAVE_STRINGS_H 1
| #define HAVE_INTTYPES_H 1
| #define HAVE_STDINT_H 1
| #define HAVE_UNISTD_H 1
| #define HAVE_DLFCN_H 1
| #define LT_OBJDIR ".libs/"
| /* end confdefs.h.  */
| 
| /* Override any GCC internal prototype to avoid an error.
|    Use char because int might match the return type of a GCC
|    builtin and then its argument prototype would still apply.  */
| #ifdef __cplusplus
| extern "C"
| #endif
| char Pa_GetHostApiCount ();
| int
| main ()
| {
| return Pa_GetHostApiCount ();
|   ;
|   return 0;
| }
configure:15408: result: no
configure:15442: WARNING: Compiling WITHOUT PortAudio support!! Sound recording will probably be broken!
configure:15622: checking for the pthreads library -lpthreads
configure:15655: ../android-ndk-r8e/toolchains/arm-linux-androideabi-4.4.3/prebuilt/linux-x86/bin/arm-linux-androideabi-gcc -o conftest --sysroot=../android-ndk-r8e/platforms/android-8/arch-arm -nostdlib  --sysroot=../android-ndk-r8e/platforms/android-8/arch-arm -Wl,-rpath-link=../android-ndk-r8e/platforms/android-8/arch-arm/usr/lib -L../android-ndk-r8e/platforms/android-8/arch-arm/usr/lib -L../android-ndk-r8e/sources/cxx-stl/stlport/libs/armeabi conftest.c -lpthreads -lc -lgcc -lstlport_static >&5
../android-ndk-r8e/toolchains/arm-linux-androideabi-4.4.3/prebuilt/linux-x86/bin/../lib/gcc/arm-linux-androideabi/4.4.3/../../../../arm-linux-androideabi/bin/ld: cannot find -lpthreads
collect2: ld returned 1 exit status
configure:15655: $? = 1
configure: failed program was:
| /* confdefs.h */
| #define PACKAGE_NAME "."
| #define PACKAGE_TARNAME "-"
| #define PACKAGE_VERSION "1"
| #define PACKAGE_STRING ". 1"
| #define PACKAGE_BUGREPORT ""
| #define PACKAGE_URL ""
| #define PACKAGE "openSMILE"
| #define VERSION "0.0.0"
| #define STDC_HEADERS 1
| #define HAVE_SYS_TYPES_H 1
| #define HAVE_SYS_STAT_H 1
| #define HAVE_STDLIB_H 1
| #define HAVE_STRING_H 1
| #define HAVE_MEMORY_H 1
| #define HAVE_STRINGS_H 1
| #define HAVE_INTTYPES_H 1
| #define HAVE_STDINT_H 1
| #define HAVE_UNISTD_H 1
| #define HAVE_DLFCN_H 1
| #define LT_OBJDIR ".libs/"
| /* end confdefs.h.  */
| #include <pthread.h>
| int
| main ()
| {
| pthread_t th; pthread_join(th, 0);
|                      pthread_attr_init(0); pthread_cleanup_push(0, 0);
|                      pthread_create(0,0,0,0); pthread_cleanup_pop(0);
|   ;
|   return 0;
| }
configure:15664: result: no
configure:15567: checking whether pthreads work without any flags
configure:15655: ../android-ndk-r8e/toolchains/arm-linux-androideabi-4.4.3/prebuilt/linux-x86/bin/arm-linux-androideabi-gcc -o conftest --sysroot=../android-ndk-r8e/platforms/android-8/arch-arm -nostdlib  --sysroot=../android-ndk-r8e/platforms/android-8/arch-arm -Wl,-rpath-link=../android-ndk-r8e/platforms/android-8/arch-arm/usr/lib -L../android-ndk-r8e/platforms/android-8/arch-arm/usr/lib -L../android-ndk-r8e/sources/cxx-stl/stlport/libs/armeabi conftest.c  -lc -lgcc -lstlport_static >&5
../android-ndk-r8e/toolchains/arm-linux-androideabi-4.4.3/prebuilt/linux-x86/bin/../lib/gcc/arm-linux-androideabi/4.4.3/../../../../arm-linux-androideabi/bin/ld: warning: cannot find entry symbol _start; defaulting to 000082e4
configure:15655: $? = 0
configure:15664: result: yes
configure:15683: checking for joinable pthread attribute
configure:15698: ../android-ndk-r8e/toolchains/arm-linux-androideabi-4.4.3/prebuilt/linux-x86/bin/arm-linux-androideabi-gcc -o conftest --sysroot=../android-ndk-r8e/platforms/android-8/arch-arm -nostdlib  --sysroot=../android-ndk-r8e/platforms/android-8/arch-arm -Wl,-rpath-link=../android-ndk-r8e/platforms/android-8/arch-arm/usr/lib -L../android-ndk-r8e/platforms/android-8/arch-arm/usr/lib -L../android-ndk-r8e/sources/cxx-stl/stlport/libs/armeabi conftest.c  -lc -lgcc -lstlport_static >&5
../android-ndk-r8e/toolchains/arm-linux-androideabi-4.4.3/prebuilt/linux-x86/bin/../lib/gcc/arm-linux-androideabi/4.4.3/../../../../arm-linux-androideabi/bin/ld: warning: cannot find entry symbol _start; defaulting to 000081b0
configure:15698: $? = 0
configure:15704: result: PTHREAD_CREATE_JOINABLE
configure:15714: checking if more special flags are required for pthreads
configure:15721: result: no
configure:15881: WARNING: Disabling target SEMAINExtract beacuse libsemaineapi was not found or is not useable
configure:16160: creating ./config.status

## ---------------------- ##
## Running config.status. ##
## ---------------------- ##

This file was extended by . config.status 1, which was
generated by GNU Autoconf 2.69.  Invocation command line was

  CONFIG_FILES    = 
  CONFIG_HEADERS  = 
  CONFIG_LINKS    = 
  CONFIG_COMMANDS = 
  $ ./config.status 

on dainis-VirtualBox

config.status:1170: creating Makefile
config.status:1170: creating config.h
config.status:1351: config.h is unchanged
config.status:1399: executing depfiles commands
config.status:1399: executing libtool commands

## ---------------- ##
## Cache variables. ##
## ---------------- ##

ac_cv_build=i686-pc-linux-gnu
ac_cv_c_compiler_gnu=yes
ac_cv_cxx_compiler_gnu=yes
ac_cv_env_CCC_set=
ac_cv_env_CCC_value=
ac_cv_env_CC_set=set
ac_cv_env_CC_value=../android-ndk-r8e/toolchains/arm-linux-androideabi-4.4.3/prebuilt/linux-x86/bin/arm-linux-androideabi-gcc
ac_cv_env_CFLAGS_set=set
ac_cv_env_CFLAGS_value='--sysroot=../android-ndk-r8e/platforms/android-8/arch-arm -nostdlib'
ac_cv_env_CPPFLAGS_set=set
ac_cv_env_CPPFLAGS_value=--sysroot=../android-ndk-r8e/platforms/android-8/arch-arm
ac_cv_env_CPP_set=
ac_cv_env_CPP_value=
ac_cv_env_CXXCPP_set=
ac_cv_env_CXXCPP_value=
ac_cv_env_CXXFLAGS_set=set
ac_cv_env_CXXFLAGS_value='-I../android-ndk-r8e/platforms/android-8/arch-arm/usr/include -I../android-ndk-r8e/sources/cxx-stl/stlport/stlport --sysroot=../android-ndk-r8e/platforms/android-8/arch-arm'
ac_cv_env_CXX_set=set
ac_cv_env_CXX_value=../android-ndk-r8e/toolchains/arm-linux-androideabi-4.4.3/prebuilt/linux-x86/bin/arm-linux-androideabi-g++
ac_cv_env_LDFLAGS_set=set
ac_cv_env_LDFLAGS_value='-Wl,-rpath-link=../android-ndk-r8e/platforms/android-8/arch-arm/usr/lib -L../android-ndk-r8e/platforms/android-8/arch-arm/usr/lib -L../android-ndk-r8e/sources/cxx-stl/stlport/libs/armeabi'
ac_cv_env_LIBS_set=set
ac_cv_env_LIBS_value='-lc -lgcc -lstlport_static'
ac_cv_env_build_alias_set=
ac_cv_env_build_alias_value=
ac_cv_env_host_alias_set=set
ac_cv_env_host_alias_value=arm-linux-androideabi
ac_cv_env_target_alias_set=set
ac_cv_env_target_alias_value=arm-linux-androideabi
ac_cv_func_malloc_0_nonnull=yes
ac_cv_func_realloc_0_nonnull=yes
ac_cv_header_dlfcn_h=yes
ac_cv_header_inttypes_h=yes
ac_cv_header_memory_h=yes
ac_cv_header_stdc=yes
ac_cv_header_stdint_h=yes
ac_cv_header_stdlib_h=yes
ac_cv_header_string_h=yes
ac_cv_header_strings_h=yes
ac_cv_header_sys_stat_h=yes
ac_cv_header_sys_types_h=yes
ac_cv_header_unistd_h=yes
ac_cv_host=arm-unknown-linux-androideabi
ac_cv_lib_portaudio_Pa_GetHostApiCount=no
ac_cv_lib_portaudio_Pa_Initialize=no
ac_cv_objext=o
ac_cv_path_EGREP='/bin/grep -E'
ac_cv_path_FGREP='/bin/grep -F'
ac_cv_path_GREP=/bin/grep
ac_cv_path_SED=/bin/sed
ac_cv_path_install='/usr/bin/install -c'
ac_cv_path_mkdir=/bin/mkdir
ac_cv_prog_AR=../android-ndk-r8e/toolchains/arm-linux-androideabi-4.4.3/prebuilt/linux-x86/bin/arm-linux-androideabi-ar
ac_cv_prog_AWK=mawk
ac_cv_prog_CC=../android-ndk-r8e/toolchains/arm-linux-androideabi-4.4.3/prebuilt/linux-x86/bin/arm-linux-androideabi-gcc
ac_cv_prog_CPP='../android-ndk-r8e/toolchains/arm-linux-androideabi-4.4.3/prebuilt/linux-x86/bin/arm-linux-androideabi-gcc -E'
ac_cv_prog_CXXCPP='../android-ndk-r8e/toolchains/arm-linux-androideabi-4.4.3/prebuilt/linux-x86/bin/arm-linux-androideabi-g++ -E'
ac_cv_prog_RANLIB=../android-ndk-r8e/toolchains/arm-linux-androideabi-4.4.3/prebuilt/linux-x86/bin/arm-linux-androideabi-ranlib
ac_cv_prog_STRIP=../android-ndk-r8e/toolchains/arm-linux-androideabi-4.4.3/prebuilt/linux-x86/bin/arm-linux-androideabi-strip
ac_cv_prog_ac_ct_DUMPBIN='link -dump'
ac_cv_prog_ac_ct_MANIFEST_TOOL=mt
ac_cv_prog_ac_ct_OBJDUMP=objdump
ac_cv_prog_cc____android_ndk_r8e_toolchains_arm_linux_androideabi_4_4_3_prebuilt_linux_x86_bin_arm_linux_androideabi_gcc_c_o=yes
ac_cv_prog_cc_c89=
ac_cv_prog_cc_g=yes
ac_cv_prog_cxx_g=yes
ac_cv_prog_make_make_set=yes
am_cv_CC_dependencies_compiler_type=none
am_cv_CXX_dependencies_compiler_type=none
lt_cv_ar_at_file=@
lt_cv_deplibs_check_method=pass_all
lt_cv_file_magic_cmd='$MAGIC_CMD'
lt_cv_file_magic_test_file=
lt_cv_ld_reload_flag=-r
lt_cv_nm_interface='BSD nm'
lt_cv_objdir=.libs
lt_cv_path_LD=../android-ndk-r8e/toolchains/arm-linux-androideabi-4.4.3/prebuilt/linux-x86/bin/arm-linux-androideabi-ld
lt_cv_path_LDCXX=../android-ndk-r8e/toolchains/arm-linux-androideabi-4.4.3/prebuilt/linux-x86/bin/arm-linux-androideabi-ld
lt_cv_path_NM=no
lt_cv_path_mainfest_tool=no
lt_cv_prog_compiler_c_o=no
lt_cv_prog_compiler_c_o_CXX=no
lt_cv_prog_compiler_pic='-fPIC -DPIC'
lt_cv_prog_compiler_pic_CXX='-fPIC -DPIC'
lt_cv_prog_compiler_pic_works=yes
lt_cv_prog_compiler_pic_works_CXX=yes
lt_cv_prog_compiler_rtti_exceptions=no
lt_cv_prog_compiler_static_works=no
lt_cv_prog_compiler_static_works_CXX=yes
lt_cv_prog_gnu_ld=yes
lt_cv_prog_gnu_ldcxx=yes
lt_cv_sharedlib_from_linklib_cmd='printf %s\n'
lt_cv_shlibpath_overrides_runpath=no
lt_cv_sys_global_symbol_pipe='sed -n -e '\''s/^.*[	 ]\([ABCDGIRSTW][ABCDGIRSTW]*\)[	 ][	 ]*\([_A-Za-z][_A-Za-z0-9]*\)$/\1 \2 \2/p'\'' | sed '\''/ __gnu_lto/d'\'''
lt_cv_sys_global_symbol_to_c_name_address='sed -n -e '\''s/^: \([^ ]*\)[ ]*$/  {\"\1\", (void *) 0},/p'\'' -e '\''s/^[ABCDGIRSTW]* \([^ ]*\) \([^ ]*\)$/  {"\2", (void *) \&\2},/p'\'''
lt_cv_sys_global_symbol_to_c_name_address_lib_prefix='sed -n -e '\''s/^: \([^ ]*\)[ ]*$/  {\"\1\", (void *) 0},/p'\'' -e '\''s/^[ABCDGIRSTW]* \([^ ]*\) \(lib[^ ]*\)$/  {"\2", (void *) \&\2},/p'\'' -e '\''s/^[ABCDGIRSTW]* \([^ ]*\) \([^ ]*\)$/  {"lib\2", (void *) \&\2},/p'\'''
lt_cv_sys_global_symbol_to_cdecl='sed -n -e '\''s/^T .* \(.*\)$/extern int \1();/p'\'' -e '\''s/^[ABCDGIRSTW]* .* \(.*\)$/extern char \1;/p'\'''
lt_cv_sys_max_cmd_len=1572864
lt_cv_to_host_file_cmd=func_convert_file_noop
lt_cv_to_tool_file_cmd=func_convert_file_noop

## ----------------- ##
## Output variables. ##
## ----------------- ##

ACLOCAL='${SHELL} /home/dainis/DHS/opensmile-1.0.1-android/missing --run aclocal-1.11'
AMDEPBACKSLASH='\'
AMDEP_FALSE='#'
AMDEP_TRUE=''
AMTAR='$${TAR-tar}'
AR='../android-ndk-r8e/toolchains/arm-linux-androideabi-4.4.3/prebuilt/linux-x86/bin/arm-linux-androideabi-ar'
AUTOCONF='${SHELL} /home/dainis/DHS/opensmile-1.0.1-android/missing --run autoconf'
AUTOHEADER='${SHELL} /home/dainis/DHS/opensmile-1.0.1-android/missing --run autoheader'
AUTOMAKE='${SHELL} /home/dainis/DHS/opensmile-1.0.1-android/missing --run automake-1.11'
AWK='mawk'
BUILD_SEMAINExtract_FALSE=''
BUILD_SEMAINExtract_TRUE='#'
BUILD_SMILErec_FALSE=''
BUILD_SMILErec_TRUE='#'
BUILD_SMILEsync_FALSE=''
BUILD_SMILEsync_TRUE='#'
BUILD_SMILExtract_FALSE='#'
BUILD_SMILExtract_TRUE=''
BUILD_audiorecorder_FALSE=''
BUILD_audiorecorder_TRUE='#'
BUILD_audiosplit_FALSE=''
BUILD_audiosplit_TRUE='#'
CC='../android-ndk-r8e/toolchains/arm-linux-androideabi-4.4.3/prebuilt/linux-x86/bin/arm-linux-androideabi-gcc'
CCDEPMODE='depmode=none'
CFLAGS='--sysroot=../android-ndk-r8e/platforms/android-8/arch-arm -nostdlib'
CPP='../android-ndk-r8e/toolchains/arm-linux-androideabi-4.4.3/prebuilt/linux-x86/bin/arm-linux-androideabi-gcc -E'
CPPFLAGS='--sysroot=../android-ndk-r8e/platforms/android-8/arch-arm'
CXX='../android-ndk-r8e/toolchains/arm-linux-androideabi-4.4.3/prebuilt/linux-x86/bin/arm-linux-androideabi-g++'
CXXCPP='../android-ndk-r8e/toolchains/arm-linux-androideabi-4.4.3/prebuilt/linux-x86/bin/arm-linux-androideabi-g++ -E'
CXXDEPMODE='depmode=none'
CXXFLAGS='-I../android-ndk-r8e/platforms/android-8/arch-arm/usr/include -I../android-ndk-r8e/sources/cxx-stl/stlport/stlport --sysroot=../android-ndk-r8e/platforms/android-8/arch-arm'
CYGPATH_W='echo'
DEFS='-DHAVE_CONFIG_H'
DEPDIR='.deps'
DLIB='-ldl'
DLLTOOL='false'
DSYMUTIL=''
DUMPBIN=':'
ECHO_C=''
ECHO_N='-n'
ECHO_T=''
EGREP='/bin/grep -E'
EXEEXT=''
FGREP='/bin/grep -F'
GREP='/bin/grep'
INSTALL_DATA='${INSTALL} -m 644'
INSTALL_PROGRAM='${INSTALL}'
INSTALL_SCRIPT='${INSTALL}'
INSTALL_STRIP_PROGRAM='$(install_sh) -c -s'
LD='../android-ndk-r8e/toolchains/arm-linux-androideabi-4.4.3/prebuilt/linux-x86/bin/arm-linux-androideabi-ld'
LDFLAGS='-Wl,-rpath-link=../android-ndk-r8e/platforms/android-8/arch-arm/usr/lib -L../android-ndk-r8e/platforms/android-8/arch-arm/usr/lib -L../android-ndk-r8e/sources/cxx-stl/stlport/libs/armeabi'
LIBOBJS=''
LIBS='-lc -lgcc -lstlport_static'
LIBTOOL='$(SHELL) $(top_builddir)/libtool'
LIPO=''
LN_S='ln -s'
LTLIBOBJS=''
MAKEINFO='${SHELL} /home/dainis/DHS/opensmile-1.0.1-android/missing --run makeinfo'
MANIFEST_TOOL=':'
MKDIR_P='/bin/mkdir -p'
NM='nm'
NMEDIT=''
OBJDUMP='objdump'
OBJEXT='o'
OTOOL64=''
OTOOL=''
PACKAGE='openSMILE'
PACKAGE_BUGREPORT=''
PACKAGE_NAME='.'
PACKAGE_STRING='. 1'
PACKAGE_TARNAME='-'
PACKAGE_URL=''
PACKAGE_VERSION='1'
PATH_SEPARATOR=':'
PORTAUDIO_CPPFLAGS=''
PORTAUDIO_LDFLAGS=''
PORTAUDIO_ROOT='/usr'
PTHREAD_CC='../android-ndk-r8e/toolchains/arm-linux-androideabi-4.4.3/prebuilt/linux-x86/bin/arm-linux-androideabi-gcc'
PTHREAD_CFLAGS=''
PTHREAD_LIBS=''
RANLIB='../android-ndk-r8e/toolchains/arm-linux-androideabi-4.4.3/prebuilt/linux-x86/bin/arm-linux-androideabi-ranlib'
RTNNLLIB_CFLAGS=''
RTNNLLIB_LIBS=''
RTNNLLIB_PREFIX=''
SED='/bin/sed'
SEMAINEAPI_CPPFLAGS=''
SEMAINEAPI_LDFLAGS=''
SEMAINEAPI_ROOT='/home/dainis'
SET_MAKE=''
SHELL='/bin/bash'
STRIP='../android-ndk-r8e/toolchains/arm-linux-androideabi-4.4.3/prebuilt/linux-x86/bin/arm-linux-androideabi-strip'
VERSION='0.0.0'
ac_ct_AR=''
ac_ct_CC=''
ac_ct_CXX=''
ac_ct_DUMPBIN='link -dump'
acx_pthread_config=''
am__EXEEXT_FALSE=''
am__EXEEXT_TRUE='#'
am__fastdepCC_FALSE=''
am__fastdepCC_TRUE='#'
am__fastdepCXX_FALSE=''
am__fastdepCXX_TRUE='#'
am__include='include'
am__isrc=''
am__leading_dot='.'
am__nodep='_no'
am__quote=''
am__tar='$${TAR-tar} chof - "$$tardir"'
am__untar='$${TAR-tar} xf -'
bindir='${exec_prefix}/bin'
build='i686-pc-linux-gnu'
build_alias=''
build_cpu='i686'
build_os='linux-gnu'
build_vendor='pc'
datadir='${datarootdir}'
datarootdir='${prefix}/share'
docdir='${datarootdir}/doc/${PACKAGE_TARNAME}'
dvidir='${docdir}'
exec_prefix='${prefix}'
host='arm-unknown-linux-androideabi'
host_alias='arm-linux-androideabi'
host_cpu='arm'
host_os='linux-androideabi'
host_vendor='unknown'
htmldir='${docdir}'
includedir='${prefix}/include'
infodir='${datarootdir}/info'
install_sh='${SHELL} /home/dainis/DHS/opensmile-1.0.1-android/install-sh'
libdir='${exec_prefix}/lib'
libexecdir='${exec_prefix}/libexec'
localedir='${datarootdir}/locale'
localstatedir='${prefix}/var'
mandir='${datarootdir}/man'
mkdir_p='/bin/mkdir -p'
oldincludedir='/usr/include'
pdfdir='${docdir}'
prefix='/usr/local'
program_transform_name='s,x,x,'
psdir='${docdir}'
sbindir='${exec_prefix}/sbin'
sharedstatedir='${prefix}/com'
sysconfdir='${prefix}/etc'
target_alias='arm-linux-androideabi'

## ----------- ##
## confdefs.h. ##
## ----------- ##

/* confdefs.h */
#define PACKAGE_NAME "."
#define PACKAGE_TARNAME "-"
#define PACKAGE_VERSION "1"
#define PACKAGE_STRING ". 1"
#define PACKAGE_BUGREPORT ""
#define PACKAGE_URL ""
#define PACKAGE "openSMILE"
#define VERSION "0.0.0"
#define STDC_HEADERS 1
#define HAVE_SYS_TYPES_H 1
#define HAVE_SYS_STAT_H 1
#define HAVE_STDLIB_H 1
#define HAVE_STRING_H 1
#define HAVE_MEMORY_H 1
#define HAVE_STRINGS_H 1
#define HAVE_INTTYPES_H 1
#define HAVE_STDINT_H 1
#define HAVE_UNISTD_H 1
#define HAVE_DLFCN_H 1
#define LT_OBJDIR ".libs/"
#define HAVE_PTHREAD 1
#define WITH_LIVEREC 1
#define HAVE_AUTOCONF 1

configure: exit 0
